{"uid":"22429682e6c2a066","name":"test_user_auth[case23]","fullName":"tests.test_user_auth#test_user_auth","historyId":"e6f752031c5826c12895ee4dc77adb51","time":{"start":1753991298334,"stop":1753991298334,"duration":0},"status":"failed","statusMessage":"AssertionError: 发送验证码失败: {\"success\":false,\"message\":\"发送验证码失败，请稍后重试\",\"data\":null}\nassert 500 == 200\n +  where 500 = <Response [500]>.status_code","statusTrace":"@pytest.fixture(scope=\"function\")\n    def test_user():\n        \"\"\"创建测试用户\"\"\"\n        username = \"test_\" + ''.join(random.choices(string.ascii_lowercase, k=6))\n        email = f\"{username}@example.com\"\n        password = \"Test123456\"\n    \n        # 发送验证码并断言成功\n        send_response = Request.send_request(\n            \"POST\", \"/auth/send-verify-code\",\n            params={\"email\": email}\n        )\n>       assert send_response.status_code == 200, f\"发送验证码失败: {send_response.text}\"\nE       AssertionError: 发送验证码失败: {\"success\":false,\"message\":\"发送验证码失败，请稍后重试\",\"data\":null}\nE       assert 500 == 200\nE        +  where 500 = <Response [500]>.status_code\n\ntests\\conftest.py:128: AssertionError","flaky":false,"newFailed":false,"newBroken":false,"newPassed":false,"retriesCount":11,"retriesStatusChange":false,"beforeStages":[{"name":"test_user","time":{"start":1753991298335,"stop":1753991298630,"duration":295},"status":"failed","statusMessage":"AssertionError: 发送验证码失败: {\"success\":false,\"message\":\"发送验证码失败，请稍后重试\",\"data\":null}\nassert 500 == 200\n +  where 500 = <Response [500]>.status_code\n","statusTrace":"  File \"D:\\Anaconda3\\Lib\\site-packages\\pluggy\\_callers.py\", line 39, in _multicall\n    res = hook_impl.function(*args)\n          ^^^^^^^^^^^^^^^^^^^^^^^^^\n  File \"D:\\Anaconda3\\Lib\\site-packages\\_pytest\\fixtures.py\", line 1123, in pytest_fixture_setup\n    result = call_fixture_func(fixturefunc, request, kwargs)\n             ^^^^^^^^^^^^^^^^^^^^^^^^^^^^^^^^^^^^^^^^^^^^^^^\n  File \"D:\\Anaconda3\\Lib\\site-packages\\_pytest\\fixtures.py\", line 895, in call_fixture_func\n    fixture_result = next(generator)\n                     ^^^^^^^^^^^^^^^\n  File \"D:\\工作记录\\项目说明\\api_test\\tests\\conftest.py\", line 128, in test_user\n    assert send_response.status_code == 200, f\"发送验证码失败: {send_response.text}\"\n","steps":[{"name":"发送请求：'POST' '/auth/send-verify-code'","time":{"start":1753991298335,"stop":1753991298630,"duration":295},"status":"passed","steps":[],"attachments":[{"uid":"503f10d6bbeb341f","name":"请求信息","source":"503f10d6bbeb341f.txt","type":"text/plain","size":52},{"uid":"6e486356869130b9","name":"请求头","source":"6e486356869130b9.txt","type":"text/plain","size":45},{"uid":"c1b83c0dbee2d62f","name":"请求参数","source":"c1b83c0dbee2d62f.json","type":"application/json","size":44},{"uid":"5947243396b2fe9c","name":"响应信息","source":"5947243396b2fe9c.txt","type":"text/plain","size":14},{"uid":"c98530017977f0d7","name":"响应体","source":"c98530017977f0d7.json","type":"application/json","size":81}],"parameters":[{"name":"method","value":"'POST'"},{"name":"endpoint","value":"'/auth/send-verify-code'"},{"name":"headers","value":"None"},{"name":"params","value":"{'email': 'test_llolct@example.com'}"},{"name":"json","value":"None"},{"name":"files","value":"None"},{"name":"token","value":"None"}],"attachmentsCount":5,"shouldDisplayMessage":false,"hasContent":true,"attachmentStep":false,"stepsCount":0}],"attachments":[],"parameters":[],"attachmentsCount":5,"shouldDisplayMessage":true,"hasContent":true,"attachmentStep":false,"stepsCount":1}],"testStage":{"status":"failed","statusMessage":"AssertionError: 发送验证码失败: {\"success\":false,\"message\":\"发送验证码失败，请稍后重试\",\"data\":null}\nassert 500 == 200\n +  where 500 = <Response [500]>.status_code","statusTrace":"@pytest.fixture(scope=\"function\")\n    def test_user():\n        \"\"\"创建测试用户\"\"\"\n        username = \"test_\" + ''.join(random.choices(string.ascii_lowercase, k=6))\n        email = f\"{username}@example.com\"\n        password = \"Test123456\"\n    \n        # 发送验证码并断言成功\n        send_response = Request.send_request(\n            \"POST\", \"/auth/send-verify-code\",\n            params={\"email\": email}\n        )\n>       assert send_response.status_code == 200, f\"发送验证码失败: {send_response.text}\"\nE       AssertionError: 发送验证码失败: {\"success\":false,\"message\":\"发送验证码失败，请稍后重试\",\"data\":null}\nE       assert 500 == 200\nE        +  where 500 = <Response [500]>.status_code\n\ntests\\conftest.py:128: AssertionError","steps":[],"attachments":[{"uid":"779caf45f675e51e","name":"log","source":"779caf45f675e51e.txt","type":"text/plain","size":407},{"uid":"452a949896285a","name":"stderr","source":"452a949896285a.txt","type":"text/plain","size":300}],"parameters":[],"attachmentsCount":2,"shouldDisplayMessage":true,"hasContent":true,"attachmentStep":false,"stepsCount":0},"afterStages":[],"labels":[{"name":"feature","value":"用户认证模块"},{"name":"parentSuite","value":"tests"},{"name":"suite","value":"test_user_auth"},{"name":"host","value":"CYJ"},{"name":"thread","value":"28060-MainThread"},{"name":"framework","value":"pytest"},{"name":"language","value":"cpython3"},{"name":"package","value":"tests.test_user_auth"},{"name":"resultFormat","value":"allure2"}],"parameters":[{"name":"case","value":"{'case_id': 'auth_024', 'name': '上传2MB以内的JPG图片', 'method': 'POST', 'url': '/auth/upload/avatar', 'headers': {'Authorization': '', 'Content-Type': 'multipart/form-data'}, 'files': {'file': 'test_avatar.jpg'}, 'expected_code': 200, 'expected_success': True, 'expected_content_type': 'application/json'}"}],"links":[],"hidden":false,"retry":false,"extra":{"severity":"normal","retries":[{"uid":"5d2a822a8c7ac321","status":"failed","statusDetails":"AssertionError: 发送验证码失败: {\"success\":false,\"message\":\"发送验证码失败，请稍后重试\",\"data\":null}\nassert 500 == 200\n +  where 500 = <Response [500]>.status_code","time":{"start":1753990999278,"stop":1753990999278,"duration":0}},{"uid":"eeb379e2c65e9d74","status":"failed","statusDetails":"AssertionError: 发送验证码失败: {\"success\":false,\"message\":\"发送验证码失败，请稍后重试\",\"data\":null}\nassert 500 == 200\n +  where 500 = <Response [500]>.status_code","time":{"start":1753990608017,"stop":1753990608017,"duration":0}},{"uid":"72b00944cc98f3","status":"failed","statusDetails":"AssertionError: 发送验证码失败: {\"success\":false,\"message\":\"发送验证码失败，请稍后重试\",\"data\":null}\nassert 500 == 200\n +  where 500 = <Response [500]>.status_code","time":{"start":1753990582571,"stop":1753990582571,"duration":0}},{"uid":"3bfdb4f80e0ffe0","status":"failed","statusDetails":"AssertionError: 发送验证码失败: {\"success\":false,\"message\":\"发送验证码失败，请稍后重试\",\"data\":null}\nassert 500 == 200\n +  where 500 = <Response [500]>.status_code","time":{"start":1753990537715,"stop":1753990537715,"duration":0}},{"uid":"5b74038a72efb4c3","status":"failed","statusDetails":"AssertionError: 发送验证码失败: {\"success\":false,\"message\":\"发送验证码失败，请稍后重试\",\"data\":null}\nassert 500 == 200\n +  where 500 = <Response [500]>.status_code","time":{"start":1753990311607,"stop":1753990311607,"duration":0}},{"uid":"adde74bbad16293c","status":"failed","statusDetails":"AssertionError: 发送验证码失败: {\"success\":false,\"message\":\"发送验证码失败，请稍后重试\",\"data\":null}\nassert 500 == 200\n +  where 500 = <Response [500]>.status_code","time":{"start":1753990157299,"stop":1753990157299,"duration":0}},{"uid":"6e02c3f128fc9c0f","status":"failed","statusDetails":"AssertionError: 发送验证码失败: {\"success\":false,\"message\":\"发送验证码失败，请稍后重试\",\"data\":null}\nassert 500 == 200\n +  where 500 = <Response [500]>.status_code","time":{"start":1753989680224,"stop":1753989680224,"duration":0}},{"uid":"75ae04c36e77ac1","status":"failed","statusDetails":"AssertionError: 发送验证码失败: {\"success\":false,\"message\":\"发送验证码失败，请稍后重试\",\"data\":null}\nassert 500 == 200\n +  where 500 = <Response [500]>.status_code","time":{"start":1753989287038,"stop":1753989287038,"duration":0}},{"uid":"1275cac423253a26","status":"failed","statusDetails":"AssertionError: 发送验证码失败: {\"success\":false,\"message\":\"发送验证码失败，请稍后重试\",\"data\":null}\nassert 500 == 200\n +  where 500 = <Response [500]>.status_code","time":{"start":1753988723308,"stop":1753988723308,"duration":0}},{"uid":"b4b80171a1c55202","status":"failed","statusDetails":"AssertionError: 发送验证码失败: {\"success\":false,\"message\":\"发送验证码失败，请稍后重试\",\"data\":null}\nassert 500 == 200\n +  where 500 = <Response [500]>.status_code","time":{"start":1753988270489,"stop":1753988270489,"duration":0}},{"uid":"3d6d2de7e8e03f8b","status":"failed","statusDetails":"AssertionError: 发送验证码失败: {\"success\":false,\"message\":\"发送验证码失败，请稍后重试\",\"data\":null}\nassert 500 == 200\n +  where 500 = <Response [500]>.status_code","time":{"start":1753987887898,"stop":1753987887898,"duration":0}}],"categories":[{"name":"Product defects","matchedStatuses":[]}],"tags":[]},"source":"22429682e6c2a066.json","parameterValues":["{'case_id': 'auth_024', 'name': '上传2MB以内的JPG图片', 'method': 'POST', 'url': '/auth/upload/avatar', 'headers': {'Authorization': '', 'Content-Type': 'multipart/form-data'}, 'files': {'file': 'test_avatar.jpg'}, 'expected_code': 200, 'expected_success': True, 'expected_content_type': 'application/json'}"]}