{"uid":"5190f7e8c737dcd6","name":"test_user_auth[case13]","fullName":"tests.test_user_auth#test_user_auth","historyId":"f47f9dc2537162f17760bb04daa61702","time":{"start":1753991294801,"stop":1753991294801,"duration":0},"status":"failed","statusMessage":"AssertionError: 发送验证码失败: {\"success\":false,\"message\":\"发送验证码失败，请稍后重试\",\"data\":null}\nassert 500 == 200\n +  where 500 = <Response [500]>.status_code","statusTrace":"@pytest.fixture(scope=\"function\")\n    def test_user():\n        \"\"\"创建测试用户\"\"\"\n        username = \"test_\" + ''.join(random.choices(string.ascii_lowercase, k=6))\n        email = f\"{username}@example.com\"\n        password = \"Test123456\"\n    \n        # 发送验证码并断言成功\n        send_response = Request.send_request(\n            \"POST\", \"/auth/send-verify-code\",\n            params={\"email\": email}\n        )\n>       assert send_response.status_code == 200, f\"发送验证码失败: {send_response.text}\"\nE       AssertionError: 发送验证码失败: {\"success\":false,\"message\":\"发送验证码失败，请稍后重试\",\"data\":null}\nE       assert 500 == 200\nE        +  where 500 = <Response [500]>.status_code\n\ntests\\conftest.py:128: AssertionError","flaky":false,"newFailed":false,"newBroken":false,"newPassed":false,"retriesCount":0,"retriesStatusChange":false,"beforeStages":[{"name":"test_user","time":{"start":1753991294802,"stop":1753991295140,"duration":338},"status":"failed","statusMessage":"AssertionError: 发送验证码失败: {\"success\":false,\"message\":\"发送验证码失败，请稍后重试\",\"data\":null}\nassert 500 == 200\n +  where 500 = <Response [500]>.status_code\n","statusTrace":"  File \"D:\\Anaconda3\\Lib\\site-packages\\pluggy\\_callers.py\", line 39, in _multicall\n    res = hook_impl.function(*args)\n          ^^^^^^^^^^^^^^^^^^^^^^^^^\n  File \"D:\\Anaconda3\\Lib\\site-packages\\_pytest\\fixtures.py\", line 1123, in pytest_fixture_setup\n    result = call_fixture_func(fixturefunc, request, kwargs)\n             ^^^^^^^^^^^^^^^^^^^^^^^^^^^^^^^^^^^^^^^^^^^^^^^\n  File \"D:\\Anaconda3\\Lib\\site-packages\\_pytest\\fixtures.py\", line 895, in call_fixture_func\n    fixture_result = next(generator)\n                     ^^^^^^^^^^^^^^^\n  File \"D:\\工作记录\\项目说明\\api_test\\tests\\conftest.py\", line 128, in test_user\n    assert send_response.status_code == 200, f\"发送验证码失败: {send_response.text}\"\n","steps":[{"name":"发送请求：'POST' '/auth/send-verify-code'","time":{"start":1753991294802,"stop":1753991295140,"duration":338},"status":"passed","steps":[],"attachments":[{"uid":"72189b13a765509e","name":"请求信息","source":"72189b13a765509e.txt","type":"text/plain","size":52},{"uid":"26203847887b0ee9","name":"请求头","source":"26203847887b0ee9.txt","type":"text/plain","size":45},{"uid":"710399e383bbb468","name":"请求参数","source":"710399e383bbb468.json","type":"application/json","size":44},{"uid":"fe6aca1ff8915461","name":"响应信息","source":"fe6aca1ff8915461.txt","type":"text/plain","size":14},{"uid":"1a410b40687eb63f","name":"响应体","source":"1a410b40687eb63f.json","type":"application/json","size":81}],"parameters":[{"name":"method","value":"'POST'"},{"name":"endpoint","value":"'/auth/send-verify-code'"},{"name":"headers","value":"None"},{"name":"params","value":"{'email': 'test_iaxwxd@example.com'}"},{"name":"json","value":"None"},{"name":"files","value":"None"},{"name":"token","value":"None"}],"attachmentsCount":5,"shouldDisplayMessage":false,"hasContent":true,"attachmentStep":false,"stepsCount":0}],"attachments":[],"parameters":[],"attachmentsCount":5,"shouldDisplayMessage":true,"hasContent":true,"attachmentStep":false,"stepsCount":1}],"testStage":{"status":"failed","statusMessage":"AssertionError: 发送验证码失败: {\"success\":false,\"message\":\"发送验证码失败，请稍后重试\",\"data\":null}\nassert 500 == 200\n +  where 500 = <Response [500]>.status_code","statusTrace":"@pytest.fixture(scope=\"function\")\n    def test_user():\n        \"\"\"创建测试用户\"\"\"\n        username = \"test_\" + ''.join(random.choices(string.ascii_lowercase, k=6))\n        email = f\"{username}@example.com\"\n        password = \"Test123456\"\n    \n        # 发送验证码并断言成功\n        send_response = Request.send_request(\n            \"POST\", \"/auth/send-verify-code\",\n            params={\"email\": email}\n        )\n>       assert send_response.status_code == 200, f\"发送验证码失败: {send_response.text}\"\nE       AssertionError: 发送验证码失败: {\"success\":false,\"message\":\"发送验证码失败，请稍后重试\",\"data\":null}\nE       assert 500 == 200\nE        +  where 500 = <Response [500]>.status_code\n\ntests\\conftest.py:128: AssertionError","steps":[],"attachments":[{"uid":"382d75cec48f96cf","name":"log","source":"382d75cec48f96cf.txt","type":"text/plain","size":407},{"uid":"bdc3c15c7b81669c","name":"stderr","source":"bdc3c15c7b81669c.txt","type":"text/plain","size":300}],"parameters":[],"attachmentsCount":2,"shouldDisplayMessage":true,"hasContent":true,"attachmentStep":false,"stepsCount":0},"afterStages":[],"labels":[{"name":"feature","value":"用户认证模块"},{"name":"parentSuite","value":"tests"},{"name":"suite","value":"test_user_auth"},{"name":"host","value":"CYJ"},{"name":"thread","value":"28060-MainThread"},{"name":"framework","value":"pytest"},{"name":"language","value":"cpython3"},{"name":"package","value":"tests.test_user_auth"},{"name":"resultFormat","value":"allure2"}],"parameters":[{"name":"case","value":"{'case_id': 'auth_014', 'name': '邮箱格式不正确（缺少@）', 'method': 'POST', 'url': '/auth/register', 'json': {'username': 'test_xway5k', 'password': 'Test123456', 'email': 'invalid-email', 'verifyCode': '{verify_code}'}, 'expected_code': 400, 'expected_success': False, 'expected_message': '请输入正确的邮箱格式'}"}],"links":[],"hidden":false,"retry":false,"extra":{"severity":"normal","retries":[],"categories":[{"name":"Product defects","matchedStatuses":[]}],"tags":[]},"source":"5190f7e8c737dcd6.json","parameterValues":["{'case_id': 'auth_014', 'name': '邮箱格式不正确（缺少@）', 'method': 'POST', 'url': '/auth/register', 'json': {'username': 'test_xway5k', 'password': 'Test123456', 'email': 'invalid-email', 'verifyCode': '{verify_code}'}, 'expected_code': 400, 'expected_success': False, 'expected_message': '请输入正确的邮箱格式'}"]}