{"uid":"73d653e67af1ba20","name":"test_user_auth[case4]","fullName":"tests.test_user_auth#test_user_auth","historyId":"47570027e535acddad4cc99f612791c8","time":{"start":1753990990063,"stop":1753990990063,"duration":0},"status":"failed","statusMessage":"AssertionError: 发送验证码失败: {\"success\":false,\"message\":\"发送验证码失败，请稍后重试\",\"data\":null}\nassert 500 == 200\n +  where 500 = <Response [500]>.status_code","statusTrace":"@pytest.fixture(scope=\"function\")\n    def test_user():\n        \"\"\"创建测试用户\"\"\"\n        username = \"test_\" + ''.join(random.choices(string.ascii_lowercase, k=6))\n        email = f\"{username}@example.com\"\n        password = \"Test123456\"\n    \n        # 发送验证码并断言成功\n        send_response = Request.send_request(\n            \"POST\", \"/auth/send-verify-code\",\n            params={\"email\": email}\n        )\n>       assert send_response.status_code == 200, f\"发送验证码失败: {send_response.text}\"\nE       AssertionError: 发送验证码失败: {\"success\":false,\"message\":\"发送验证码失败，请稍后重试\",\"data\":null}\nE       assert 500 == 200\nE        +  where 500 = <Response [500]>.status_code\n\ntests\\conftest.py:128: AssertionError","flaky":false,"newFailed":false,"newBroken":false,"newPassed":false,"retriesCount":0,"retriesStatusChange":false,"beforeStages":[{"name":"test_user","time":{"start":1753990990065,"stop":1753990991000,"duration":935},"status":"failed","statusMessage":"AssertionError: 发送验证码失败: {\"success\":false,\"message\":\"发送验证码失败，请稍后重试\",\"data\":null}\nassert 500 == 200\n +  where 500 = <Response [500]>.status_code\n","statusTrace":"  File \"D:\\Anaconda3\\Lib\\site-packages\\pluggy\\_callers.py\", line 39, in _multicall\n    res = hook_impl.function(*args)\n          ^^^^^^^^^^^^^^^^^^^^^^^^^\n  File \"D:\\Anaconda3\\Lib\\site-packages\\_pytest\\fixtures.py\", line 1123, in pytest_fixture_setup\n    result = call_fixture_func(fixturefunc, request, kwargs)\n             ^^^^^^^^^^^^^^^^^^^^^^^^^^^^^^^^^^^^^^^^^^^^^^^\n  File \"D:\\Anaconda3\\Lib\\site-packages\\_pytest\\fixtures.py\", line 895, in call_fixture_func\n    fixture_result = next(generator)\n                     ^^^^^^^^^^^^^^^\n  File \"D:\\工作记录\\项目说明\\api_test\\tests\\conftest.py\", line 128, in test_user\n    assert send_response.status_code == 200, f\"发送验证码失败: {send_response.text}\"\n","steps":[{"name":"发送请求：'POST' '/auth/send-verify-code'","time":{"start":1753990990065,"stop":1753990991000,"duration":935},"status":"passed","steps":[],"attachments":[{"uid":"603ac6e0602dcbb0","name":"请求信息","source":"603ac6e0602dcbb0.txt","type":"text/plain","size":52},{"uid":"e6b198d321cf6236","name":"请求头","source":"e6b198d321cf6236.txt","type":"text/plain","size":45},{"uid":"62896adda020cef5","name":"请求参数","source":"62896adda020cef5.json","type":"application/json","size":44},{"uid":"cdc9de0c684c2b43","name":"响应信息","source":"cdc9de0c684c2b43.txt","type":"text/plain","size":14},{"uid":"d785b36ccbc59575","name":"响应体","source":"d785b36ccbc59575.json","type":"application/json","size":81}],"parameters":[{"name":"method","value":"'POST'"},{"name":"endpoint","value":"'/auth/send-verify-code'"},{"name":"headers","value":"None"},{"name":"params","value":"{'email': 'test_qxhlrj@example.com'}"},{"name":"json","value":"None"},{"name":"files","value":"None"},{"name":"token","value":"None"}],"attachmentsCount":5,"shouldDisplayMessage":false,"hasContent":true,"attachmentStep":false,"stepsCount":0}],"attachments":[],"parameters":[],"attachmentsCount":5,"shouldDisplayMessage":true,"hasContent":true,"attachmentStep":false,"stepsCount":1}],"testStage":{"status":"failed","statusMessage":"AssertionError: 发送验证码失败: {\"success\":false,\"message\":\"发送验证码失败，请稍后重试\",\"data\":null}\nassert 500 == 200\n +  where 500 = <Response [500]>.status_code","statusTrace":"@pytest.fixture(scope=\"function\")\n    def test_user():\n        \"\"\"创建测试用户\"\"\"\n        username = \"test_\" + ''.join(random.choices(string.ascii_lowercase, k=6))\n        email = f\"{username}@example.com\"\n        password = \"Test123456\"\n    \n        # 发送验证码并断言成功\n        send_response = Request.send_request(\n            \"POST\", \"/auth/send-verify-code\",\n            params={\"email\": email}\n        )\n>       assert send_response.status_code == 200, f\"发送验证码失败: {send_response.text}\"\nE       AssertionError: 发送验证码失败: {\"success\":false,\"message\":\"发送验证码失败，请稍后重试\",\"data\":null}\nE       assert 500 == 200\nE        +  where 500 = <Response [500]>.status_code\n\ntests\\conftest.py:128: AssertionError","steps":[],"attachments":[{"uid":"7f955b38eb2797ad","name":"log","source":"7f955b38eb2797ad.txt","type":"text/plain","size":407},{"uid":"3380e15809fe2aee","name":"stderr","source":"3380e15809fe2aee.txt","type":"text/plain","size":300}],"parameters":[],"attachmentsCount":2,"shouldDisplayMessage":true,"hasContent":true,"attachmentStep":false,"stepsCount":0},"afterStages":[],"labels":[{"name":"feature","value":"用户认证模块"},{"name":"parentSuite","value":"tests"},{"name":"suite","value":"test_user_auth"},{"name":"host","value":"CYJ"},{"name":"thread","value":"25140-MainThread"},{"name":"framework","value":"pytest"},{"name":"language","value":"cpython3"},{"name":"package","value":"tests.test_user_auth"},{"name":"resultFormat","value":"allure2"}],"parameters":[{"name":"case","value":"{'case_id': 'auth_005', 'name': '用户名长度超过20位', 'method': 'POST', 'url': '/auth/register', 'json': {'username': 'test00000000000000001', 'password': 'Test123456', 'email': 'test_a2zgrz@example.com', 'verifyCode': '{verify_code}'}, 'expected_code': 400, 'expected_success': False, 'expected_message': '用户名长度需在6-20位之间'}"}],"links":[],"hidden":false,"retry":false,"extra":{"severity":"normal","retries":[],"categories":[{"name":"Product defects","matchedStatuses":[]}],"tags":[]},"source":"73d653e67af1ba20.json","parameterValues":["{'case_id': 'auth_005', 'name': '用户名长度超过20位', 'method': 'POST', 'url': '/auth/register', 'json': {'username': 'test00000000000000001', 'password': 'Test123456', 'email': 'test_a2zgrz@example.com', 'verifyCode': '{verify_code}'}, 'expected_code': 400, 'expected_success': False, 'expected_message': '用户名长度需在6-20位之间'}"]}