{"uid":"835c9d286df01d6","name":"test_user_auth[case8]","fullName":"tests.test_user_auth#test_user_auth","historyId":"538dcef863bfc5406707a313a20c5c0d","time":{"start":1753990152390,"stop":1753990152390,"duration":0},"status":"failed","statusMessage":"AssertionError: 发送验证码失败: {\"success\":false,\"message\":\"发送验证码失败，请稍后重试\",\"data\":null}\nassert 500 == 200\n +  where 500 = <Response [500]>.status_code","statusTrace":"@pytest.fixture(scope=\"function\")\n    def test_user():\n        \"\"\"创建测试用户\"\"\"\n        username = \"test_\" + ''.join(random.choices(string.ascii_lowercase, k=6))\n        email = f\"{username}@example.com\"\n        password = \"Test123456\"\n    \n        # 发送验证码并断言成功\n        send_response = Request.send_request(\n            \"POST\", \"/auth/send-verify-code\",\n            params={\"email\": email}\n        )\n>       assert send_response.status_code == 200, f\"发送验证码失败: {send_response.text}\"\nE       AssertionError: 发送验证码失败: {\"success\":false,\"message\":\"发送验证码失败，请稍后重试\",\"data\":null}\nE       assert 500 == 200\nE        +  where 500 = <Response [500]>.status_code\n\ntests\\conftest.py:128: AssertionError","flaky":false,"newFailed":false,"newBroken":false,"newPassed":false,"retriesCount":0,"retriesStatusChange":false,"beforeStages":[{"name":"test_user","time":{"start":1753990152391,"stop":1753990152747,"duration":356},"status":"failed","statusMessage":"AssertionError: 发送验证码失败: {\"success\":false,\"message\":\"发送验证码失败，请稍后重试\",\"data\":null}\nassert 500 == 200\n +  where 500 = <Response [500]>.status_code\n","statusTrace":"  File \"D:\\Anaconda3\\Lib\\site-packages\\pluggy\\_callers.py\", line 39, in _multicall\n    res = hook_impl.function(*args)\n          ^^^^^^^^^^^^^^^^^^^^^^^^^\n  File \"D:\\Anaconda3\\Lib\\site-packages\\_pytest\\fixtures.py\", line 1123, in pytest_fixture_setup\n    result = call_fixture_func(fixturefunc, request, kwargs)\n             ^^^^^^^^^^^^^^^^^^^^^^^^^^^^^^^^^^^^^^^^^^^^^^^\n  File \"D:\\Anaconda3\\Lib\\site-packages\\_pytest\\fixtures.py\", line 895, in call_fixture_func\n    fixture_result = next(generator)\n                     ^^^^^^^^^^^^^^^\n  File \"D:\\工作记录\\项目说明\\api_test\\tests\\conftest.py\", line 128, in test_user\n    assert send_response.status_code == 200, f\"发送验证码失败: {send_response.text}\"\n","steps":[{"name":"发送请求：'POST' '/auth/send-verify-code'","time":{"start":1753990152391,"stop":1753990152747,"duration":356},"status":"passed","steps":[],"attachments":[{"uid":"5ba641456d6187b2","name":"请求信息","source":"5ba641456d6187b2.txt","type":"text/plain","size":52},{"uid":"452c8afeb380097b","name":"请求头","source":"452c8afeb380097b.txt","type":"text/plain","size":45},{"uid":"ae5502082e6097a","name":"请求参数","source":"ae5502082e6097a.json","type":"application/json","size":44},{"uid":"14ce4347342a7b59","name":"响应信息","source":"14ce4347342a7b59.txt","type":"text/plain","size":14},{"uid":"c4d789547aa256","name":"响应体","source":"c4d789547aa256.json","type":"application/json","size":81}],"parameters":[{"name":"method","value":"'POST'"},{"name":"endpoint","value":"'/auth/send-verify-code'"},{"name":"headers","value":"None"},{"name":"params","value":"{'email': 'test_pbixth@example.com'}"},{"name":"json","value":"None"},{"name":"files","value":"None"},{"name":"token","value":"None"}],"attachmentsCount":5,"shouldDisplayMessage":false,"hasContent":true,"attachmentStep":false,"stepsCount":0}],"attachments":[],"parameters":[],"attachmentsCount":5,"shouldDisplayMessage":true,"hasContent":true,"attachmentStep":false,"stepsCount":1}],"testStage":{"status":"failed","statusMessage":"AssertionError: 发送验证码失败: {\"success\":false,\"message\":\"发送验证码失败，请稍后重试\",\"data\":null}\nassert 500 == 200\n +  where 500 = <Response [500]>.status_code","statusTrace":"@pytest.fixture(scope=\"function\")\n    def test_user():\n        \"\"\"创建测试用户\"\"\"\n        username = \"test_\" + ''.join(random.choices(string.ascii_lowercase, k=6))\n        email = f\"{username}@example.com\"\n        password = \"Test123456\"\n    \n        # 发送验证码并断言成功\n        send_response = Request.send_request(\n            \"POST\", \"/auth/send-verify-code\",\n            params={\"email\": email}\n        )\n>       assert send_response.status_code == 200, f\"发送验证码失败: {send_response.text}\"\nE       AssertionError: 发送验证码失败: {\"success\":false,\"message\":\"发送验证码失败，请稍后重试\",\"data\":null}\nE       assert 500 == 200\nE        +  where 500 = <Response [500]>.status_code\n\ntests\\conftest.py:128: AssertionError","steps":[],"attachments":[{"uid":"1fba95c6a3d8dff4","name":"log","source":"1fba95c6a3d8dff4.txt","type":"text/plain","size":407},{"uid":"a9e66f3074b524b0","name":"stderr","source":"a9e66f3074b524b0.txt","type":"text/plain","size":300}],"parameters":[],"attachmentsCount":2,"shouldDisplayMessage":true,"hasContent":true,"attachmentStep":false,"stepsCount":0},"afterStages":[],"labels":[{"name":"feature","value":"用户认证模块"},{"name":"parentSuite","value":"tests"},{"name":"suite","value":"test_user_auth"},{"name":"host","value":"CYJ"},{"name":"thread","value":"12600-MainThread"},{"name":"framework","value":"pytest"},{"name":"language","value":"cpython3"},{"name":"package","value":"tests.test_user_auth"},{"name":"resultFormat","value":"allure2"}],"parameters":[{"name":"case","value":"{'case_id': 'auth_009', 'name': '密码长度超过20位', 'method': 'POST', 'url': '/auth/register', 'json': {'username': 'test_nhkfoa', 'password': 'Test12345678910111213', 'email': 'test_32md6e@example.com', 'verifyCode': '{verify_code}'}, 'expected_code': 400, 'expected_success': False, 'expected_message': '密码长度需在8-20位之间'}"}],"links":[],"hidden":false,"retry":false,"extra":{"severity":"normal","retries":[],"categories":[{"name":"Product defects","matchedStatuses":[]}],"tags":[]},"source":"835c9d286df01d6.json","parameterValues":["{'case_id': 'auth_009', 'name': '密码长度超过20位', 'method': 'POST', 'url': '/auth/register', 'json': {'username': 'test_nhkfoa', 'password': 'Test12345678910111213', 'email': 'test_32md6e@example.com', 'verifyCode': '{verify_code}'}, 'expected_code': 400, 'expected_success': False, 'expected_message': '密码长度需在8-20位之间'}"]}