{"uid":"90d8d83534111e5b","name":"test_user_auth[case0]","fullName":"tests.test_user_auth#test_user_auth","historyId":"ae1820c256c3fce81530282d75191331","time":{"start":1753991290172,"stop":1753991290172,"duration":0},"status":"failed","statusMessage":"AssertionError: 发送验证码失败: {\"success\":false,\"message\":\"发送验证码失败，请稍后重试\",\"data\":null}\nassert 500 == 200\n +  where 500 = <Response [500]>.status_code","statusTrace":"@pytest.fixture(scope=\"function\")\n    def test_user():\n        \"\"\"创建测试用户\"\"\"\n        username = \"test_\" + ''.join(random.choices(string.ascii_lowercase, k=6))\n        email = f\"{username}@example.com\"\n        password = \"Test123456\"\n    \n        # 发送验证码并断言成功\n        send_response = Request.send_request(\n            \"POST\", \"/auth/send-verify-code\",\n            params={\"email\": email}\n        )\n>       assert send_response.status_code == 200, f\"发送验证码失败: {send_response.text}\"\nE       AssertionError: 发送验证码失败: {\"success\":false,\"message\":\"发送验证码失败，请稍后重试\",\"data\":null}\nE       assert 500 == 200\nE        +  where 500 = <Response [500]>.status_code\n\ntests\\conftest.py:128: AssertionError","flaky":false,"newFailed":false,"newBroken":false,"newPassed":false,"retriesCount":0,"retriesStatusChange":false,"beforeStages":[{"name":"test_user","time":{"start":1753991290174,"stop":1753991290494,"duration":320},"status":"failed","statusMessage":"AssertionError: 发送验证码失败: {\"success\":false,\"message\":\"发送验证码失败，请稍后重试\",\"data\":null}\nassert 500 == 200\n +  where 500 = <Response [500]>.status_code\n","statusTrace":"  File \"D:\\Anaconda3\\Lib\\site-packages\\pluggy\\_callers.py\", line 39, in _multicall\n    res = hook_impl.function(*args)\n          ^^^^^^^^^^^^^^^^^^^^^^^^^\n  File \"D:\\Anaconda3\\Lib\\site-packages\\_pytest\\fixtures.py\", line 1123, in pytest_fixture_setup\n    result = call_fixture_func(fixturefunc, request, kwargs)\n             ^^^^^^^^^^^^^^^^^^^^^^^^^^^^^^^^^^^^^^^^^^^^^^^\n  File \"D:\\Anaconda3\\Lib\\site-packages\\_pytest\\fixtures.py\", line 895, in call_fixture_func\n    fixture_result = next(generator)\n                     ^^^^^^^^^^^^^^^\n  File \"D:\\工作记录\\项目说明\\api_test\\tests\\conftest.py\", line 128, in test_user\n    assert send_response.status_code == 200, f\"发送验证码失败: {send_response.text}\"\n","steps":[{"name":"发送请求：'POST' '/auth/send-verify-code'","time":{"start":1753991290174,"stop":1753991290494,"duration":320},"status":"passed","steps":[],"attachments":[{"uid":"f586352e79bc1fb7","name":"请求信息","source":"f586352e79bc1fb7.txt","type":"text/plain","size":52},{"uid":"8679ed01be781964","name":"请求头","source":"8679ed01be781964.txt","type":"text/plain","size":45},{"uid":"7d90e0781c1f010e","name":"请求参数","source":"7d90e0781c1f010e.json","type":"application/json","size":44},{"uid":"627c0a64d82b0245","name":"响应信息","source":"627c0a64d82b0245.txt","type":"text/plain","size":14},{"uid":"d41454a30749428e","name":"响应体","source":"d41454a30749428e.json","type":"application/json","size":81}],"parameters":[{"name":"method","value":"'POST'"},{"name":"endpoint","value":"'/auth/send-verify-code'"},{"name":"headers","value":"None"},{"name":"params","value":"{'email': 'test_juzhqg@example.com'}"},{"name":"json","value":"None"},{"name":"files","value":"None"},{"name":"token","value":"None"}],"attachmentsCount":5,"shouldDisplayMessage":false,"hasContent":true,"attachmentStep":false,"stepsCount":0}],"attachments":[],"parameters":[],"attachmentsCount":5,"shouldDisplayMessage":true,"hasContent":true,"attachmentStep":false,"stepsCount":1}],"testStage":{"status":"failed","statusMessage":"AssertionError: 发送验证码失败: {\"success\":false,\"message\":\"发送验证码失败，请稍后重试\",\"data\":null}\nassert 500 == 200\n +  where 500 = <Response [500]>.status_code","statusTrace":"@pytest.fixture(scope=\"function\")\n    def test_user():\n        \"\"\"创建测试用户\"\"\"\n        username = \"test_\" + ''.join(random.choices(string.ascii_lowercase, k=6))\n        email = f\"{username}@example.com\"\n        password = \"Test123456\"\n    \n        # 发送验证码并断言成功\n        send_response = Request.send_request(\n            \"POST\", \"/auth/send-verify-code\",\n            params={\"email\": email}\n        )\n>       assert send_response.status_code == 200, f\"发送验证码失败: {send_response.text}\"\nE       AssertionError: 发送验证码失败: {\"success\":false,\"message\":\"发送验证码失败，请稍后重试\",\"data\":null}\nE       assert 500 == 200\nE        +  where 500 = <Response [500]>.status_code\n\ntests\\conftest.py:128: AssertionError","steps":[],"attachments":[{"uid":"1382085fb248f86c","name":"log","source":"1382085fb248f86c.txt","type":"text/plain","size":407},{"uid":"987daad552570d6","name":"stderr","source":"987daad552570d6.txt","type":"text/plain","size":300}],"parameters":[],"attachmentsCount":2,"shouldDisplayMessage":true,"hasContent":true,"attachmentStep":false,"stepsCount":0},"afterStages":[],"labels":[{"name":"feature","value":"用户认证模块"},{"name":"parentSuite","value":"tests"},{"name":"suite","value":"test_user_auth"},{"name":"host","value":"CYJ"},{"name":"thread","value":"28060-MainThread"},{"name":"framework","value":"pytest"},{"name":"language","value":"cpython3"},{"name":"package","value":"tests.test_user_auth"},{"name":"resultFormat","value":"allure2"}],"parameters":[{"name":"case","value":"{'case_id': 'auth_001', 'name': '用户注册成功', 'method': 'POST', 'url': '/auth/register', 'json': {'username': 'test_user_p7mfja', 'password': 'Test123456', 'email': 'test_jf08z3@example.com', 'verifyCode': '{verify_code}'}, 'expected_code': 200, 'expected_success': True, 'expected_message': '注册成功', 'setup': '需要先获取邮箱验证码', 'teardown': '删除测试用户'}"}],"links":[],"hidden":false,"retry":false,"extra":{"severity":"normal","retries":[],"categories":[{"name":"Product defects","matchedStatuses":[]}],"tags":[]},"source":"90d8d83534111e5b.json","parameterValues":["{'case_id': 'auth_001', 'name': '用户注册成功', 'method': 'POST', 'url': '/auth/register', 'json': {'username': 'test_user_p7mfja', 'password': 'Test123456', 'email': 'test_jf08z3@example.com', 'verifyCode': '{verify_code}'}, 'expected_code': 200, 'expected_success': True, 'expected_message': '注册成功', 'setup': '需要先获取邮箱验证码', 'teardown': '删除测试用户'}"]}