{"uid":"c576355a45e6b9eb","name":"test_user_auth[case24]","fullName":"tests.test_user_auth#test_user_auth","historyId":"88e6ba5465480524bf631e176469c47b","time":{"start":1753991298658,"stop":1753991298658,"duration":0},"status":"failed","statusMessage":"AssertionError: 发送验证码失败: {\"success\":false,\"message\":\"发送验证码失败，请稍后重试\",\"data\":null}\nassert 500 == 200\n +  where 500 = <Response [500]>.status_code","statusTrace":"@pytest.fixture(scope=\"function\")\n    def test_user():\n        \"\"\"创建测试用户\"\"\"\n        username = \"test_\" + ''.join(random.choices(string.ascii_lowercase, k=6))\n        email = f\"{username}@example.com\"\n        password = \"Test123456\"\n    \n        # 发送验证码并断言成功\n        send_response = Request.send_request(\n            \"POST\", \"/auth/send-verify-code\",\n            params={\"email\": email}\n        )\n>       assert send_response.status_code == 200, f\"发送验证码失败: {send_response.text}\"\nE       AssertionError: 发送验证码失败: {\"success\":false,\"message\":\"发送验证码失败，请稍后重试\",\"data\":null}\nE       assert 500 == 200\nE        +  where 500 = <Response [500]>.status_code\n\ntests\\conftest.py:128: AssertionError","flaky":false,"newFailed":false,"newBroken":false,"newPassed":false,"retriesCount":11,"retriesStatusChange":false,"beforeStages":[{"name":"test_user","time":{"start":1753991298658,"stop":1753991298941,"duration":283},"status":"failed","statusMessage":"AssertionError: 发送验证码失败: {\"success\":false,\"message\":\"发送验证码失败，请稍后重试\",\"data\":null}\nassert 500 == 200\n +  where 500 = <Response [500]>.status_code\n","statusTrace":"  File \"D:\\Anaconda3\\Lib\\site-packages\\pluggy\\_callers.py\", line 39, in _multicall\n    res = hook_impl.function(*args)\n          ^^^^^^^^^^^^^^^^^^^^^^^^^\n  File \"D:\\Anaconda3\\Lib\\site-packages\\_pytest\\fixtures.py\", line 1123, in pytest_fixture_setup\n    result = call_fixture_func(fixturefunc, request, kwargs)\n             ^^^^^^^^^^^^^^^^^^^^^^^^^^^^^^^^^^^^^^^^^^^^^^^\n  File \"D:\\Anaconda3\\Lib\\site-packages\\_pytest\\fixtures.py\", line 895, in call_fixture_func\n    fixture_result = next(generator)\n                     ^^^^^^^^^^^^^^^\n  File \"D:\\工作记录\\项目说明\\api_test\\tests\\conftest.py\", line 128, in test_user\n    assert send_response.status_code == 200, f\"发送验证码失败: {send_response.text}\"\n","steps":[{"name":"发送请求：'POST' '/auth/send-verify-code'","time":{"start":1753991298659,"stop":1753991298941,"duration":282},"status":"passed","steps":[],"attachments":[{"uid":"b81c8484de6ff98b","name":"请求信息","source":"b81c8484de6ff98b.txt","type":"text/plain","size":52},{"uid":"df812e3ac2009ead","name":"请求头","source":"df812e3ac2009ead.txt","type":"text/plain","size":45},{"uid":"77e3e6ec6614ea8e","name":"请求参数","source":"77e3e6ec6614ea8e.json","type":"application/json","size":44},{"uid":"461e69dbc6854e1f","name":"响应信息","source":"461e69dbc6854e1f.txt","type":"text/plain","size":14},{"uid":"b50b70fa7cd6a1f","name":"响应体","source":"b50b70fa7cd6a1f.json","type":"application/json","size":81}],"parameters":[{"name":"method","value":"'POST'"},{"name":"endpoint","value":"'/auth/send-verify-code'"},{"name":"headers","value":"None"},{"name":"params","value":"{'email': 'test_rovphx@example.com'}"},{"name":"json","value":"None"},{"name":"files","value":"None"},{"name":"token","value":"None"}],"attachmentsCount":5,"shouldDisplayMessage":false,"hasContent":true,"attachmentStep":false,"stepsCount":0}],"attachments":[],"parameters":[],"attachmentsCount":5,"shouldDisplayMessage":true,"hasContent":true,"attachmentStep":false,"stepsCount":1}],"testStage":{"status":"failed","statusMessage":"AssertionError: 发送验证码失败: {\"success\":false,\"message\":\"发送验证码失败，请稍后重试\",\"data\":null}\nassert 500 == 200\n +  where 500 = <Response [500]>.status_code","statusTrace":"@pytest.fixture(scope=\"function\")\n    def test_user():\n        \"\"\"创建测试用户\"\"\"\n        username = \"test_\" + ''.join(random.choices(string.ascii_lowercase, k=6))\n        email = f\"{username}@example.com\"\n        password = \"Test123456\"\n    \n        # 发送验证码并断言成功\n        send_response = Request.send_request(\n            \"POST\", \"/auth/send-verify-code\",\n            params={\"email\": email}\n        )\n>       assert send_response.status_code == 200, f\"发送验证码失败: {send_response.text}\"\nE       AssertionError: 发送验证码失败: {\"success\":false,\"message\":\"发送验证码失败，请稍后重试\",\"data\":null}\nE       assert 500 == 200\nE        +  where 500 = <Response [500]>.status_code\n\ntests\\conftest.py:128: AssertionError","steps":[],"attachments":[{"uid":"ec6f38cf166f0282","name":"log","source":"ec6f38cf166f0282.txt","type":"text/plain","size":407},{"uid":"ff1754f6fa3c9ef7","name":"stderr","source":"ff1754f6fa3c9ef7.txt","type":"text/plain","size":300}],"parameters":[],"attachmentsCount":2,"shouldDisplayMessage":true,"hasContent":true,"attachmentStep":false,"stepsCount":0},"afterStages":[],"labels":[{"name":"feature","value":"用户认证模块"},{"name":"parentSuite","value":"tests"},{"name":"suite","value":"test_user_auth"},{"name":"host","value":"CYJ"},{"name":"thread","value":"28060-MainThread"},{"name":"framework","value":"pytest"},{"name":"language","value":"cpython3"},{"name":"package","value":"tests.test_user_auth"},{"name":"resultFormat","value":"allure2"}],"parameters":[{"name":"case","value":"{'case_id': 'auth_025', 'name': '上传超过2MB的JPG图片', 'method': 'POST', 'url': '/auth/upload/avatar', 'headers': {'Authorization': '', 'Content-Type': 'multipart/form-data'}, 'files': {'file': 'large_avatar.jpg'}, 'expected_code': 403, 'expected_success': False, 'expected_message': '文件大小不能超过2MB'}"}],"links":[],"hidden":false,"retry":false,"extra":{"severity":"normal","retries":[{"uid":"4a5a766c696de5e1","status":"failed","statusDetails":"AssertionError: 发送验证码失败: {\"success\":false,\"message\":\"发送验证码失败，请稍后重试\",\"data\":null}\nassert 500 == 200\n +  where 500 = <Response [500]>.status_code","time":{"start":1753990999649,"stop":1753990999649,"duration":0}},{"uid":"dc0d5137eff52829","status":"failed","statusDetails":"AssertionError: 发送验证码失败: {\"success\":false,\"message\":\"发送验证码失败，请稍后重试\",\"data\":null}\nassert 500 == 200\n +  where 500 = <Response [500]>.status_code","time":{"start":1753990608327,"stop":1753990608327,"duration":0}},{"uid":"232deac4c15c9ffc","status":"failed","statusDetails":"AssertionError: 发送验证码失败: {\"success\":false,\"message\":\"发送验证码失败，请稍后重试\",\"data\":null}\nassert 500 == 200\n +  where 500 = <Response [500]>.status_code","time":{"start":1753990582865,"stop":1753990582865,"duration":0}},{"uid":"eaec8e1338553e0e","status":"failed","statusDetails":"AssertionError: 发送验证码失败: {\"success\":false,\"message\":\"发送验证码失败，请稍后重试\",\"data\":null}\nassert 500 == 200\n +  where 500 = <Response [500]>.status_code","time":{"start":1753990538015,"stop":1753990538015,"duration":0}},{"uid":"993938f56ac52997","status":"failed","statusDetails":"AssertionError: 发送验证码失败: {\"success\":false,\"message\":\"发送验证码失败，请稍后重试\",\"data\":null}\nassert 500 == 200\n +  where 500 = <Response [500]>.status_code","time":{"start":1753990311944,"stop":1753990311944,"duration":0}},{"uid":"3a0b7c4e490a1b19","status":"failed","statusDetails":"AssertionError: 发送验证码失败: {\"success\":false,\"message\":\"发送验证码失败，请稍后重试\",\"data\":null}\nassert 500 == 200\n +  where 500 = <Response [500]>.status_code","time":{"start":1753990157617,"stop":1753990157617,"duration":0}},{"uid":"f6a8d4804e4bd73a","status":"failed","statusDetails":"AssertionError: 发送验证码失败: {\"success\":false,\"message\":\"发送验证码失败，请稍后重试\",\"data\":null}\nassert 500 == 200\n +  where 500 = <Response [500]>.status_code","time":{"start":1753989680608,"stop":1753989680608,"duration":0}},{"uid":"81231c2f41ac7f39","status":"failed","statusDetails":"AssertionError: 发送验证码失败: {\"success\":false,\"message\":\"发送验证码失败，请稍后重试\",\"data\":null}\nassert 500 == 200\n +  where 500 = <Response [500]>.status_code","time":{"start":1753989287358,"stop":1753989287358,"duration":0}},{"uid":"350557ddc96d56df","status":"failed","statusDetails":"AssertionError: 发送验证码失败: {\"success\":false,\"message\":\"发送验证码失败，请稍后重试\",\"data\":null}\nassert 500 == 200\n +  where 500 = <Response [500]>.status_code","time":{"start":1753988723633,"stop":1753988723633,"duration":0}},{"uid":"c876d655eb775294","status":"failed","statusDetails":"AssertionError: 发送验证码失败: {\"success\":false,\"message\":\"发送验证码失败，请稍后重试\",\"data\":null}\nassert 500 == 200\n +  where 500 = <Response [500]>.status_code","time":{"start":1753988270861,"stop":1753988270861,"duration":0}},{"uid":"2f3a0d8fb854a06c","status":"failed","statusDetails":"AssertionError: 发送验证码失败: {\"success\":false,\"message\":\"发送验证码失败，请稍后重试\",\"data\":null}\nassert 500 == 200\n +  where 500 = <Response [500]>.status_code","time":{"start":1753987888284,"stop":1753987888284,"duration":0}}],"categories":[{"name":"Product defects","matchedStatuses":[]}],"tags":[]},"source":"c576355a45e6b9eb.json","parameterValues":["{'case_id': 'auth_025', 'name': '上传超过2MB的JPG图片', 'method': 'POST', 'url': '/auth/upload/avatar', 'headers': {'Authorization': '', 'Content-Type': 'multipart/form-data'}, 'files': {'file': 'large_avatar.jpg'}, 'expected_code': 403, 'expected_success': False, 'expected_message': '文件大小不能超过2MB'}"]}