{"uid":"e24692f561d19032","name":"test_user_auth[case19]","fullName":"tests.test_user_auth#test_user_auth","historyId":"a4ee8e22309c74eb95727db2424ff9ae","time":{"start":1753989678550,"stop":1753989678550,"duration":0},"status":"failed","statusMessage":"AssertionError: 发送验证码失败: {\"success\":false,\"message\":\"发送验证码失败，请稍后重试\",\"data\":null}\nassert 500 == 200\n +  where 500 = <Response [500]>.status_code","statusTrace":"@pytest.fixture(scope=\"function\")\n    def test_user():\n        \"\"\"创建测试用户\"\"\"\n        username = \"test_\" + ''.join(random.choices(string.ascii_lowercase, k=6))\n        email = f\"{username}@example.com\"\n        password = \"Test123456\"\n    \n        # 发送验证码并断言成功\n        send_response = Request.send_request(\n            \"POST\", \"/auth/send-verify-code\",\n            params={\"email\": email}\n        )\n>       assert send_response.status_code == 200, f\"发送验证码失败: {send_response.text}\"\nE       AssertionError: 发送验证码失败: {\"success\":false,\"message\":\"发送验证码失败，请稍后重试\",\"data\":null}\nE       assert 500 == 200\nE        +  where 500 = <Response [500]>.status_code\n\ntests\\conftest.py:128: AssertionError","flaky":false,"newFailed":false,"newBroken":false,"newPassed":false,"retriesCount":0,"retriesStatusChange":false,"beforeStages":[{"name":"test_user","time":{"start":1753989678551,"stop":1753989678845,"duration":294},"status":"failed","statusMessage":"AssertionError: 发送验证码失败: {\"success\":false,\"message\":\"发送验证码失败，请稍后重试\",\"data\":null}\nassert 500 == 200\n +  where 500 = <Response [500]>.status_code\n","statusTrace":"  File \"D:\\Anaconda3\\Lib\\site-packages\\pluggy\\_callers.py\", line 39, in _multicall\n    res = hook_impl.function(*args)\n          ^^^^^^^^^^^^^^^^^^^^^^^^^\n  File \"D:\\Anaconda3\\Lib\\site-packages\\_pytest\\fixtures.py\", line 1123, in pytest_fixture_setup\n    result = call_fixture_func(fixturefunc, request, kwargs)\n             ^^^^^^^^^^^^^^^^^^^^^^^^^^^^^^^^^^^^^^^^^^^^^^^\n  File \"D:\\Anaconda3\\Lib\\site-packages\\_pytest\\fixtures.py\", line 895, in call_fixture_func\n    fixture_result = next(generator)\n                     ^^^^^^^^^^^^^^^\n  File \"D:\\工作记录\\项目说明\\api_test\\tests\\conftest.py\", line 128, in test_user\n    assert send_response.status_code == 200, f\"发送验证码失败: {send_response.text}\"\n","steps":[{"name":"发送请求：'POST' '/auth/send-verify-code'","time":{"start":1753989678551,"stop":1753989678844,"duration":293},"status":"passed","steps":[],"attachments":[{"uid":"1a83380feb0e5b70","name":"请求信息","source":"1a83380feb0e5b70.txt","type":"text/plain","size":52},{"uid":"2a2667816357c38d","name":"请求头","source":"2a2667816357c38d.txt","type":"text/plain","size":45},{"uid":"1fe46827ad5f50ee","name":"请求参数","source":"1fe46827ad5f50ee.json","type":"application/json","size":44},{"uid":"51ecbe0cfbf3786","name":"响应信息","source":"51ecbe0cfbf3786.txt","type":"text/plain","size":14},{"uid":"ddd5f9ba14ae2756","name":"响应体","source":"ddd5f9ba14ae2756.json","type":"application/json","size":81}],"parameters":[{"name":"method","value":"'POST'"},{"name":"endpoint","value":"'/auth/send-verify-code'"},{"name":"headers","value":"None"},{"name":"params","value":"{'email': 'test_kcbwsz@example.com'}"},{"name":"json","value":"None"},{"name":"files","value":"None"},{"name":"token","value":"None"}],"attachmentsCount":5,"shouldDisplayMessage":false,"hasContent":true,"attachmentStep":false,"stepsCount":0}],"attachments":[],"parameters":[],"attachmentsCount":5,"shouldDisplayMessage":true,"hasContent":true,"attachmentStep":false,"stepsCount":1}],"testStage":{"status":"failed","statusMessage":"AssertionError: 发送验证码失败: {\"success\":false,\"message\":\"发送验证码失败，请稍后重试\",\"data\":null}\nassert 500 == 200\n +  where 500 = <Response [500]>.status_code","statusTrace":"@pytest.fixture(scope=\"function\")\n    def test_user():\n        \"\"\"创建测试用户\"\"\"\n        username = \"test_\" + ''.join(random.choices(string.ascii_lowercase, k=6))\n        email = f\"{username}@example.com\"\n        password = \"Test123456\"\n    \n        # 发送验证码并断言成功\n        send_response = Request.send_request(\n            \"POST\", \"/auth/send-verify-code\",\n            params={\"email\": email}\n        )\n>       assert send_response.status_code == 200, f\"发送验证码失败: {send_response.text}\"\nE       AssertionError: 发送验证码失败: {\"success\":false,\"message\":\"发送验证码失败，请稍后重试\",\"data\":null}\nE       assert 500 == 200\nE        +  where 500 = <Response [500]>.status_code\n\ntests\\conftest.py:128: AssertionError","steps":[],"attachments":[{"uid":"211f6db8769cfe89","name":"log","source":"211f6db8769cfe89.txt","type":"text/plain","size":407},{"uid":"9bac581da771fcc1","name":"stderr","source":"9bac581da771fcc1.txt","type":"text/plain","size":300}],"parameters":[],"attachmentsCount":2,"shouldDisplayMessage":true,"hasContent":true,"attachmentStep":false,"stepsCount":0},"afterStages":[],"labels":[{"name":"feature","value":"用户认证模块"},{"name":"parentSuite","value":"tests"},{"name":"suite","value":"test_user_auth"},{"name":"host","value":"CYJ"},{"name":"thread","value":"14532-MainThread"},{"name":"framework","value":"pytest"},{"name":"language","value":"cpython3"},{"name":"package","value":"tests.test_user_auth"},{"name":"resultFormat","value":"allure2"}],"parameters":[{"name":"case","value":"{'case_id': 'auth_020', 'name': '账号锁定后登录', 'method': 'POST', 'url': '/auth/login', 'json': {'username': 'lockeduser', 'password': 'Test123456'}, 'expected_code': 401, 'expected_success': False, 'expected_message': '账号已锁定，请30分钟后再试'}"}],"links":[],"hidden":true,"retry":true,"extra":{"categories":[],"tags":[]},"source":"e24692f561d19032.json","parameterValues":["{'case_id': 'auth_020', 'name': '账号锁定后登录', 'method': 'POST', 'url': '/auth/login', 'json': {'username': 'lockeduser', 'password': 'Test123456'}, 'expected_code': 401, 'expected_success': False, 'expected_message': '账号已锁定，请30分钟后再试'}"]}