{"uid":"f22be45adbfb3341","name":"test_user_auth[case18]","fullName":"tests.test_user_auth#test_user_auth","historyId":"4634c7a538da04b48c11c9e46d8a10a5","time":{"start":1753991296652,"stop":1753991296652,"duration":0},"status":"failed","statusMessage":"AssertionError: 发送验证码失败: {\"success\":false,\"message\":\"发送验证码失败，请稍后重试\",\"data\":null}\nassert 500 == 200\n +  where 500 = <Response [500]>.status_code","statusTrace":"@pytest.fixture(scope=\"function\")\n    def test_user():\n        \"\"\"创建测试用户\"\"\"\n        username = \"test_\" + ''.join(random.choices(string.ascii_lowercase, k=6))\n        email = f\"{username}@example.com\"\n        password = \"Test123456\"\n    \n        # 发送验证码并断言成功\n        send_response = Request.send_request(\n            \"POST\", \"/auth/send-verify-code\",\n            params={\"email\": email}\n        )\n>       assert send_response.status_code == 200, f\"发送验证码失败: {send_response.text}\"\nE       AssertionError: 发送验证码失败: {\"success\":false,\"message\":\"发送验证码失败，请稍后重试\",\"data\":null}\nE       assert 500 == 200\nE        +  where 500 = <Response [500]>.status_code\n\ntests\\conftest.py:128: AssertionError","flaky":false,"newFailed":false,"newBroken":false,"newPassed":false,"retriesCount":20,"retriesStatusChange":true,"beforeStages":[{"name":"test_user","time":{"start":1753991296652,"stop":1753991296904,"duration":252},"status":"failed","statusMessage":"AssertionError: 发送验证码失败: {\"success\":false,\"message\":\"发送验证码失败，请稍后重试\",\"data\":null}\nassert 500 == 200\n +  where 500 = <Response [500]>.status_code\n","statusTrace":"  File \"D:\\Anaconda3\\Lib\\site-packages\\pluggy\\_callers.py\", line 39, in _multicall\n    res = hook_impl.function(*args)\n          ^^^^^^^^^^^^^^^^^^^^^^^^^\n  File \"D:\\Anaconda3\\Lib\\site-packages\\_pytest\\fixtures.py\", line 1123, in pytest_fixture_setup\n    result = call_fixture_func(fixturefunc, request, kwargs)\n             ^^^^^^^^^^^^^^^^^^^^^^^^^^^^^^^^^^^^^^^^^^^^^^^\n  File \"D:\\Anaconda3\\Lib\\site-packages\\_pytest\\fixtures.py\", line 895, in call_fixture_func\n    fixture_result = next(generator)\n                     ^^^^^^^^^^^^^^^\n  File \"D:\\工作记录\\项目说明\\api_test\\tests\\conftest.py\", line 128, in test_user\n    assert send_response.status_code == 200, f\"发送验证码失败: {send_response.text}\"\n","steps":[{"name":"发送请求：'POST' '/auth/send-verify-code'","time":{"start":1753991296653,"stop":1753991296904,"duration":251},"status":"passed","steps":[],"attachments":[{"uid":"3406fb57aecf470f","name":"请求信息","source":"3406fb57aecf470f.txt","type":"text/plain","size":52},{"uid":"4e5f188e4af4c952","name":"请求头","source":"4e5f188e4af4c952.txt","type":"text/plain","size":45},{"uid":"2af47b9cee718c45","name":"请求参数","source":"2af47b9cee718c45.json","type":"application/json","size":44},{"uid":"53a3474f2e0fb6d3","name":"响应信息","source":"53a3474f2e0fb6d3.txt","type":"text/plain","size":14},{"uid":"b5f39f1ef8805468","name":"响应体","source":"b5f39f1ef8805468.json","type":"application/json","size":81}],"parameters":[{"name":"method","value":"'POST'"},{"name":"endpoint","value":"'/auth/send-verify-code'"},{"name":"headers","value":"None"},{"name":"params","value":"{'email': 'test_easgfw@example.com'}"},{"name":"json","value":"None"},{"name":"files","value":"None"},{"name":"token","value":"None"}],"attachmentsCount":5,"shouldDisplayMessage":false,"hasContent":true,"attachmentStep":false,"stepsCount":0}],"attachments":[],"parameters":[],"attachmentsCount":5,"shouldDisplayMessage":true,"hasContent":true,"attachmentStep":false,"stepsCount":1}],"testStage":{"status":"failed","statusMessage":"AssertionError: 发送验证码失败: {\"success\":false,\"message\":\"发送验证码失败，请稍后重试\",\"data\":null}\nassert 500 == 200\n +  where 500 = <Response [500]>.status_code","statusTrace":"@pytest.fixture(scope=\"function\")\n    def test_user():\n        \"\"\"创建测试用户\"\"\"\n        username = \"test_\" + ''.join(random.choices(string.ascii_lowercase, k=6))\n        email = f\"{username}@example.com\"\n        password = \"Test123456\"\n    \n        # 发送验证码并断言成功\n        send_response = Request.send_request(\n            \"POST\", \"/auth/send-verify-code\",\n            params={\"email\": email}\n        )\n>       assert send_response.status_code == 200, f\"发送验证码失败: {send_response.text}\"\nE       AssertionError: 发送验证码失败: {\"success\":false,\"message\":\"发送验证码失败，请稍后重试\",\"data\":null}\nE       assert 500 == 200\nE        +  where 500 = <Response [500]>.status_code\n\ntests\\conftest.py:128: AssertionError","steps":[],"attachments":[{"uid":"3cb97dd4bc23a2b8","name":"log","source":"3cb97dd4bc23a2b8.txt","type":"text/plain","size":407},{"uid":"ad0c3c4480692f4c","name":"stderr","source":"ad0c3c4480692f4c.txt","type":"text/plain","size":300}],"parameters":[],"attachmentsCount":2,"shouldDisplayMessage":true,"hasContent":true,"attachmentStep":false,"stepsCount":0},"afterStages":[],"labels":[{"name":"feature","value":"用户认证模块"},{"name":"parentSuite","value":"tests"},{"name":"suite","value":"test_user_auth"},{"name":"host","value":"CYJ"},{"name":"thread","value":"28060-MainThread"},{"name":"framework","value":"pytest"},{"name":"language","value":"cpython3"},{"name":"package","value":"tests.test_user_auth"},{"name":"resultFormat","value":"allure2"}],"parameters":[{"name":"case","value":"{'case_id': 'auth_019', 'name': '密码错误登录', 'method': 'POST', 'url': '/auth/login', 'json': {'username': 'admin1155', 'password': 'Wrong123'}, 'expected_code': 403, 'expected_success': False, 'expected_message': '密码错误，还可重试4次'}"}],"links":[],"hidden":false,"retry":false,"extra":{"severity":"normal","retries":[{"uid":"d485322176cf5c93","status":"failed","statusDetails":"AssertionError: 发送验证码失败: {\"success\":false,\"message\":\"发送验证码失败，请稍后重试\",\"data\":null}\nassert 500 == 200\n +  where 500 = <Response [500]>.status_code","time":{"start":1753990997566,"stop":1753990997566,"duration":0}},{"uid":"34351f1c67e37286","status":"failed","statusDetails":"AssertionError: 发送验证码失败: {\"success\":false,\"message\":\"发送验证码失败，请稍后重试\",\"data\":null}\nassert 500 == 200\n +  where 500 = <Response [500]>.status_code","time":{"start":1753990606312,"stop":1753990606312,"duration":0}},{"uid":"cc6571fad66b95d9","status":"failed","statusDetails":"AssertionError: 发送验证码失败: {\"success\":false,\"message\":\"发送验证码失败，请稍后重试\",\"data\":null}\nassert 500 == 200\n +  where 500 = <Response [500]>.status_code","time":{"start":1753990580809,"stop":1753990580809,"duration":0}},{"uid":"d258ac3543de4cb6","status":"failed","statusDetails":"AssertionError: 发送验证码失败: {\"success\":false,\"message\":\"发送验证码失败，请稍后重试\",\"data\":null}\nassert 500 == 200\n +  where 500 = <Response [500]>.status_code","time":{"start":1753990536153,"stop":1753990536153,"duration":0}},{"uid":"f5f72a8d9ce404cf","status":"failed","statusDetails":"AssertionError: 发送验证码失败: {\"success\":false,\"message\":\"发送验证码失败，请稍后重试\",\"data\":null}\nassert 500 == 200\n +  where 500 = <Response [500]>.status_code","time":{"start":1753990309905,"stop":1753990309905,"duration":0}},{"uid":"498f1ed51496014d","status":"failed","statusDetails":"AssertionError: 发送验证码失败: {\"success\":false,\"message\":\"发送验证码失败，请稍后重试\",\"data\":null}\nassert 500 == 200\n +  where 500 = <Response [500]>.status_code","time":{"start":1753990155721,"stop":1753990155721,"duration":0}},{"uid":"ea03d6f1213c3253","status":"failed","statusDetails":"AssertionError: 发送验证码失败: {\"success\":false,\"message\":\"发送验证码失败，请稍后重试\",\"data\":null}\nassert 500 == 200\n +  where 500 = <Response [500]>.status_code","time":{"start":1753989678178,"stop":1753989678178,"duration":0}},{"uid":"9b1d606fced5a10b","status":"failed","statusDetails":"AssertionError: 发送验证码失败: {\"success\":false,\"message\":\"发送验证码失败，请稍后重试\",\"data\":null}\nassert 500 == 200\n +  where 500 = <Response [500]>.status_code","time":{"start":1753989285354,"stop":1753989285354,"duration":0}},{"uid":"dac18eb857832ea0","status":"failed","statusDetails":"AssertionError: 发送验证码失败: {\"success\":false,\"message\":\"发送验证码失败，请稍后重试\",\"data\":null}\nassert 500 == 200\n +  where 500 = <Response [500]>.status_code","time":{"start":1753988721568,"stop":1753988721568,"duration":0}},{"uid":"fcda3a2b6ab24ef7","status":"failed","statusDetails":"AssertionError: 发送验证码失败: {\"success\":false,\"message\":\"发送验证码失败，请稍后重试\",\"data\":null}\nassert 500 == 200\n +  where 500 = <Response [500]>.status_code","time":{"start":1753988268565,"stop":1753988268565,"duration":0}},{"uid":"dd3fac4b454af2c6","status":"failed","statusDetails":"AssertionError: 发送验证码失败: {\"success\":false,\"message\":\"发送验证码失败，请稍后重试\",\"data\":null}\nassert 500 == 200\n +  where 500 = <Response [500]>.status_code","time":{"start":1753987886020,"stop":1753987886020,"duration":0}},{"uid":"ac910ff659099e89","status":"passed","time":{"start":1753986229546,"stop":1753986229715,"duration":169}},{"uid":"b8c453aceb5ece38","status":"passed","time":{"start":1753985531201,"stop":1753985531425,"duration":224}},{"uid":"89bb5099fc60e762","status":"passed","time":{"start":1753976482729,"stop":1753976483141,"duration":412}},{"uid":"2103f43b9347bb45","status":"passed","time":{"start":1753976330756,"stop":1753976331150,"duration":394}},{"uid":"9c4efd2541348da6","status":"passed","time":{"start":1753975897781,"stop":1753975898120,"duration":339}},{"uid":"8ecb744f04777858","status":"passed","time":{"start":1753974393304,"stop":1753974393669,"duration":365}},{"uid":"fb22a1251febbed8","status":"passed","time":{"start":1753973814956,"stop":1753973815474,"duration":518}},{"uid":"7eb16668d9950470","status":"passed","time":{"start":1753973665620,"stop":1753973666053,"duration":433}},{"uid":"2120c2a572e70ad8","status":"passed","time":{"start":1753972603709,"stop":1753972604045,"duration":336}}],"categories":[{"name":"Product defects","matchedStatuses":[]}],"tags":[]},"source":"f22be45adbfb3341.json","parameterValues":["{'case_id': 'auth_019', 'name': '密码错误登录', 'method': 'POST', 'url': '/auth/login', 'json': {'username': 'admin1155', 'password': 'Wrong123'}, 'expected_code': 403, 'expected_success': False, 'expected_message': '密码错误，还可重试4次'}"]}